Build started 12/05/2015 8:55:00 PM.
     1>Project "C:\Users\elizabeth.rowlands\Documents\GitHub\MathForGames\AIEProjects-StarterTemplate\MathForGames\MathForGames.vcxproj" on node 2 (Build target(s)).
     1>ClCompile:
         C:\Program Files (x86)\Microsoft Visual Studio 12.0\VC\bin\CL.exe /c /I"C:\Users\elizabeth.rowlands\Documents\GitHub\MathForGames\AIEProjects-StarterTemplate\MathForGames\\include\\" /ZI /nologo /W3 /WX- /sdl /Od /Oy- /D _WINDLL /D _MBCS /Gm /EHsc /RTC1 /MDd /GS /fp:precise /Zc:wchar_t /Zc:forScope /Fo"Debug\\" /Fd"Debug\vc120.pdb" /Gd /TP /analyze- /errorReport:prompt source\mUtility.cpp source\vec2.cpp
         vec2.cpp
     1>c:\users\elizabeth.rowlands\documents\github\mathforgames\aieprojects-startertemplate\mathforgames\source\vec2.cpp(56): error C2129: static function 'float sqrt(float)' declared but not defined
                 c:\users\elizabeth.rowlands\documents\github\mathforgames\aieprojects-startertemplate\mathforgames\include\mutility.h(8) : see declaration of 'sqrt'
         mUtility.cpp
         Generating Code...
     1>Done Building Project "C:\Users\elizabeth.rowlands\Documents\GitHub\MathForGames\AIEProjects-StarterTemplate\MathForGames\MathForGames.vcxproj" (Build target(s)) -- FAILED.

Build FAILED.

Time Elapsed 00:00:00.09
